build/app/intermediates/manifest_merge_blame_file/release/manifest-merger-blame-release-report.txt
1<?xml version="1.0" encoding="utf-8"?>
2<manifest xmlns:android="http://schemas.android.com/apk/res/android"
3    package="com.example.sugandh"
4    android:versionCode="1"
5    android:versionName="1.0.0" >
6
7    <uses-sdk
8        android:minSdkVersion="19"
8-->src\main\AndroidManifest.xml
9        android:targetSdkVersion="30" />
9-->src\main\AndroidManifest.xml
10
11    <uses-permission android:name="android.permission.INTERNET" />
11-->src\main\AndroidManifest.xml:3:5-66
11-->src\main\AndroidManifest.xml:3:22-64
12
13    <queries>
13-->[com.razorpay:checkout:1.6.19] AndroidManifest.xml:11:5-37:15
14        <intent>
14-->[com.razorpay:checkout:1.6.19] AndroidManifest.xml:12:9-18:18
15            <action android:name="android.intent.action.VIEW" />
15-->[com.razorpay:checkout:1.6.19] AndroidManifest.xml:13:13-65
15-->[com.razorpay:checkout:1.6.19] AndroidManifest.xml:13:21-62
16
17            <data
17-->[com.razorpay:checkout:1.6.19] AndroidManifest.xml:15:13-17:38
18                android:mimeType="*/*"
18-->[com.razorpay:checkout:1.6.19] AndroidManifest.xml:16:17-39
19                android:scheme="*" />
19-->[com.razorpay:checkout:1.6.19] AndroidManifest.xml:17:17-35
20        </intent>
21        <intent>
21-->[com.razorpay:checkout:1.6.19] AndroidManifest.xml:19:9-28:18
22            <action android:name="android.intent.action.VIEW" />
22-->[com.razorpay:checkout:1.6.19] AndroidManifest.xml:13:13-65
22-->[com.razorpay:checkout:1.6.19] AndroidManifest.xml:13:21-62
23
24            <category android:name="android.intent.category.BROWSABLE" />
24-->[com.razorpay:checkout:1.6.19] AndroidManifest.xml:22:13-74
24-->[com.razorpay:checkout:1.6.19] AndroidManifest.xml:22:23-71
25
26            <data
26-->[com.razorpay:checkout:1.6.19] AndroidManifest.xml:15:13-17:38
27                android:host="pay"
28                android:mimeType="*/*"
28-->[com.razorpay:checkout:1.6.19] AndroidManifest.xml:16:17-39
29                android:scheme="upi" />
29-->[com.razorpay:checkout:1.6.19] AndroidManifest.xml:17:17-35
30        </intent>
31        <intent>
31-->[com.razorpay:checkout:1.6.19] AndroidManifest.xml:29:9-31:18
32            <action android:name="android.intent.action.MAIN" />
32-->src\main\AndroidManifest.xml:32:17-68
32-->src\main\AndroidManifest.xml:32:25-66
33        </intent>
34        <intent>
34-->[com.razorpay:checkout:1.6.19] AndroidManifest.xml:32:9-36:18
35            <action android:name="android.intent.action.SEND" />
35-->[com.razorpay:checkout:1.6.19] AndroidManifest.xml:33:13-65
35-->[com.razorpay:checkout:1.6.19] AndroidManifest.xml:33:21-62
36
37            <data android:mimeType="*/*" />
37-->[com.razorpay:checkout:1.6.19] AndroidManifest.xml:15:13-17:38
37-->[com.razorpay:checkout:1.6.19] AndroidManifest.xml:16:17-39
38        </intent>
39    </queries> <!-- Include required permissions for Google Maps API to run. -->
40    <uses-permission android:name="android.permission.ACCESS_NETWORK_STATE" />
40-->[com.google.android.gms:play-services-maps:17.0.0] AndroidManifest.xml:23:5-79
40-->[com.google.android.gms:play-services-maps:17.0.0] AndroidManifest.xml:23:22-76
41
42    <uses-feature
42-->[com.google.android.gms:play-services-maps:17.0.0] AndroidManifest.xml:26:5-28:35
43        android:glEsVersion="0x00020000"
43-->[com.google.android.gms:play-services-maps:17.0.0] AndroidManifest.xml:27:9-41
44        android:required="true" />
44-->[com.google.android.gms:play-services-maps:17.0.0] AndroidManifest.xml:28:9-32
45
46    <application
46-->src\main\AndroidManifest.xml:4:4-41:19
47        android:appComponentFactory="androidx.core.app.CoreComponentFactory"
47-->[androidx.core:core:1.8.0] AndroidManifest.xml:24:18-86
48        android:icon="@mipmap/ic_launcher"
48-->src\main\AndroidManifest.xml:6:9-43
49        android:label="AmitRai" >
49-->src\main\AndroidManifest.xml:5:9-32
50        <activity
50-->src\main\AndroidManifest.xml:7:9-35:20
51            android:name="com.example.sugandh.MainActivity"
51-->src\main\AndroidManifest.xml:8:13-41
52            android:configChanges="orientation|keyboardHidden|keyboard|screenSize|smallestScreenSize|locale|layoutDirection|fontScale|screenLayout|density|uiMode"
52-->src\main\AndroidManifest.xml:11:13-163
53            android:hardwareAccelerated="true"
53-->src\main\AndroidManifest.xml:12:13-47
54            android:launchMode="singleTop"
54-->src\main\AndroidManifest.xml:9:13-43
55            android:theme="@style/LaunchTheme"
55-->src\main\AndroidManifest.xml:10:13-47
56            android:windowSoftInputMode="adjustResize" >
56-->src\main\AndroidManifest.xml:13:13-55
57
58            <!--
59                 Specifies an Android theme to apply to this Activity as soon as
60                 the Android process has started. This theme is visible to the user
61                 while the Flutter UI initializes. After that, this theme continues
62                 to determine the Window background behind the Flutter UI.
63            -->
64            <meta-data
64-->src\main\AndroidManifest.xml:18:13-21:17
65                android:name="io.flutter.embedding.android.NormalTheme"
65-->src\main\AndroidManifest.xml:19:15-70
66                android:resource="@style/NormalTheme" />
66-->src\main\AndroidManifest.xml:20:15-52
67            <!--
68                 Displays an Android View that continues showing the launch screen
69                 Drawable until Flutter paints its first frame, then this splash
70                 screen fades out. A splash screen is useful to avoid any visual
71                 gap between the end of Android's launch screen and the painting of
72                 Flutter's first frame.
73            -->
74            <meta-data
74-->src\main\AndroidManifest.xml:27:13-30:17
75                android:name="io.flutter.embedding.android.SplashScreenDrawable"
75-->src\main\AndroidManifest.xml:28:15-79
76                android:resource="@drawable/launch_background" />
76-->src\main\AndroidManifest.xml:29:15-61
77
78            <intent-filter>
78-->src\main\AndroidManifest.xml:31:13-34:29
79                <action android:name="android.intent.action.MAIN" />
79-->src\main\AndroidManifest.xml:32:17-68
79-->src\main\AndroidManifest.xml:32:25-66
80
81                <category android:name="android.intent.category.LAUNCHER" />
81-->src\main\AndroidManifest.xml:33:17-76
81-->src\main\AndroidManifest.xml:33:27-74
82            </intent-filter>
83        </activity>
84        <!--
85             Don't delete the meta-data below.
86             This is used by the Flutter tool to generate GeneratedPluginRegistrant.java
87        -->
88        <meta-data
88-->src\main\AndroidManifest.xml:38:9-40:33
89            android:name="flutterEmbedding"
89-->src\main\AndroidManifest.xml:39:13-44
90            android:value="2" />
90-->src\main\AndroidManifest.xml:40:13-30
91
92        <provider
92-->[:image_picker_android] AndroidManifest.xml:8:9-16:20
93            android:name="io.flutter.plugins.imagepicker.ImagePickerFileProvider"
93-->[:image_picker_android] AndroidManifest.xml:9:13-82
94            android:authorities="com.example.sugandh.flutter.image_provider"
94-->[:image_picker_android] AndroidManifest.xml:10:13-74
95            android:exported="false"
95-->[:image_picker_android] AndroidManifest.xml:11:13-37
96            android:grantUriPermissions="true" >
96-->[:image_picker_android] AndroidManifest.xml:12:13-47
97            <meta-data
97-->[:image_picker_android] AndroidManifest.xml:13:13-15:75
98                android:name="android.support.FILE_PROVIDER_PATHS"
98-->[:image_picker_android] AndroidManifest.xml:14:17-67
99                android:resource="@xml/flutter_image_picker_file_paths" />
99-->[:image_picker_android] AndroidManifest.xml:15:17-72
100        </provider>
101
102        <uses-library
102-->[androidx.window:window:1.0.0-beta04] AndroidManifest.xml:25:9-27:40
103            android:name="androidx.window.extensions"
103-->[androidx.window:window:1.0.0-beta04] AndroidManifest.xml:26:13-54
104            android:required="false" />
104-->[androidx.window:window:1.0.0-beta04] AndroidManifest.xml:27:13-37
105        <uses-library
105-->[androidx.window:window:1.0.0-beta04] AndroidManifest.xml:28:9-30:40
106            android:name="androidx.window.sidecar"
106-->[androidx.window:window:1.0.0-beta04] AndroidManifest.xml:29:13-51
107            android:required="false" />
107-->[androidx.window:window:1.0.0-beta04] AndroidManifest.xml:30:13-37
108
109        <receiver
109-->[com.razorpay:checkout:1.6.19] AndroidManifest.xml:40:9-46:20
110            android:name="com.razorpay.RzpTokenReceiver"
110-->[com.razorpay:checkout:1.6.19] AndroidManifest.xml:41:13-57
111            android:exported="false" >
111-->[com.razorpay:checkout:1.6.19] AndroidManifest.xml:42:13-37
112            <intent-filter>
112-->[com.razorpay:checkout:1.6.19] AndroidManifest.xml:43:13-45:29
113                <action android:name="rzp.device_token.share" />
113-->[com.razorpay:checkout:1.6.19] AndroidManifest.xml:44:17-65
113-->[com.razorpay:checkout:1.6.19] AndroidManifest.xml:44:25-62
114            </intent-filter>
115        </receiver>
116
117        <activity
117-->[com.razorpay:checkout:1.6.19] AndroidManifest.xml:48:9-60:20
118            android:name="com.razorpay.CheckoutActivity"
118-->[com.razorpay:checkout:1.6.19] AndroidManifest.xml:49:13-57
119            android:configChanges="keyboard|keyboardHidden|orientation|screenSize"
119-->[com.razorpay:checkout:1.6.19] AndroidManifest.xml:50:13-83
120            android:exported="true"
120-->[com.razorpay:checkout:1.6.19] AndroidManifest.xml:51:13-36
121            android:theme="@style/CheckoutTheme" >
121-->[com.razorpay:checkout:1.6.19] AndroidManifest.xml:52:13-49
122            <intent-filter>
122-->[com.razorpay:checkout:1.6.19] AndroidManifest.xml:53:13-59:29
123                <action android:name="android.intent.action.MAIN" />
123-->src\main\AndroidManifest.xml:32:17-68
123-->src\main\AndroidManifest.xml:32:25-66
124
125                <data
125-->[com.razorpay:checkout:1.6.19] AndroidManifest.xml:15:13-17:38
126                    android:host="rzp.io"
127                    android:scheme="io.rzp" />
127-->[com.razorpay:checkout:1.6.19] AndroidManifest.xml:17:17-35
128            </intent-filter>
129        </activity>
130
131        <meta-data
131-->[com.razorpay:checkout:1.6.19] AndroidManifest.xml:62:9-64:58
132            android:name="com.razorpay.plugin.googlepay_all"
132-->[com.razorpay:checkout:1.6.19] AndroidManifest.xml:63:13-61
133            android:value="com.razorpay.RzpGpayMerged" />
133-->[com.razorpay:checkout:1.6.19] AndroidManifest.xml:64:13-55
134
135        <activity
135-->[com.google.android.gms:play-services-auth:17.0.0] AndroidManifest.xml:23:9-27:75
136            android:name="com.google.android.gms.auth.api.signin.internal.SignInHubActivity"
136-->[com.google.android.gms:play-services-auth:17.0.0] AndroidManifest.xml:24:13-93
137            android:excludeFromRecents="true"
137-->[com.google.android.gms:play-services-auth:17.0.0] AndroidManifest.xml:25:13-46
138            android:exported="false"
138-->[com.google.android.gms:play-services-auth:17.0.0] AndroidManifest.xml:26:13-37
139            android:theme="@android:style/Theme.Translucent.NoTitleBar" />
139-->[com.google.android.gms:play-services-auth:17.0.0] AndroidManifest.xml:27:13-72
140        <!--
141            Service handling Google Sign-In user revocation. For apps that do not integrate with
142            Google Sign-In, this service will never be started.
143        -->
144        <service
144-->[com.google.android.gms:play-services-auth:17.0.0] AndroidManifest.xml:33:9-36:110
145            android:name="com.google.android.gms.auth.api.signin.RevocationBoundService"
145-->[com.google.android.gms:play-services-auth:17.0.0] AndroidManifest.xml:34:13-89
146            android:exported="true"
146-->[com.google.android.gms:play-services-auth:17.0.0] AndroidManifest.xml:35:13-36
147            android:permission="com.google.android.gms.auth.api.signin.permission.REVOCATION_NOTIFICATION" /> <!-- Needs to be explicitly declared on P+ -->
147-->[com.google.android.gms:play-services-auth:17.0.0] AndroidManifest.xml:36:13-107
148        <uses-library
148-->[com.google.android.gms:play-services-maps:17.0.0] AndroidManifest.xml:33:9-35:40
149            android:name="org.apache.http.legacy"
149-->[com.google.android.gms:play-services-maps:17.0.0] AndroidManifest.xml:34:13-50
150            android:required="false" />
150-->[com.google.android.gms:play-services-maps:17.0.0] AndroidManifest.xml:35:13-37
151
152        <activity
152-->[com.google.android.gms:play-services-base:17.5.0] AndroidManifest.xml:23:9-26:75
153            android:name="com.google.android.gms.common.api.GoogleApiActivity"
153-->[com.google.android.gms:play-services-base:17.5.0] AndroidManifest.xml:24:13-79
154            android:exported="false"
154-->[com.google.android.gms:play-services-base:17.5.0] AndroidManifest.xml:25:13-37
155            android:theme="@android:style/Theme.Translucent.NoTitleBar" />
155-->[com.google.android.gms:play-services-base:17.5.0] AndroidManifest.xml:26:13-72
156
157        <meta-data
157-->[com.google.android.gms:play-services-basement:17.6.0] AndroidManifest.xml:23:9-25:69
158            android:name="com.google.android.gms.version"
158-->[com.google.android.gms:play-services-basement:17.6.0] AndroidManifest.xml:24:13-58
159            android:value="@integer/google_play_services_version" />
159-->[com.google.android.gms:play-services-basement:17.6.0] AndroidManifest.xml:25:13-66
160    </application>
161
162</manifest>